\BOOKMARK [1][-]{section.1}{INTRODUCTION}{}% 1
\BOOKMARK [1][-]{section.2}{SIMULATION}{}% 2
\BOOKMARK [1][-]{section.3}{OVERALL SYSTEM DESIGN}{}% 3
\BOOKMARK [1][-]{section.4}{LOCALIZATION}{}% 4
\BOOKMARK [2][-]{subsection.4.1}{Grid Localization}{section.4}% 5
\BOOKMARK [3][-]{subsubsection.4.1.1}{Detecting the Grid}{subsection.4.1}% 6
\BOOKMARK [3][-]{subsubsection.4.1.2}{Orientation and Cell Localisation}{subsection.4.1}% 7
\BOOKMARK [3][-]{subsubsection.4.1.3}{Grids Localization}{subsection.4.1}% 8
\BOOKMARK [1][-]{section.5}{GROUND ROBOT DETECTION AND TRACKING}{}% 9
\BOOKMARK [2][-]{subsection.5.1}{Detection}{section.5}% 10
\BOOKMARK [3][-]{subsubsection.5.1.1}{Ellipse Detection}{subsection.5.1}% 11
\BOOKMARK [3][-]{subsubsection.5.1.2}{YOLO Based Object Detection}{subsection.5.1}% 12
\BOOKMARK [3][-]{subsubsection.5.1.3}{Color Thresholding}{subsection.5.1}% 13
\BOOKMARK [3][-]{subsubsection.5.1.4}{Detection}{subsection.5.1}% 14
\BOOKMARK [3][-]{subsubsection.5.1.5}{Position estimation}{subsection.5.1}% 15
\BOOKMARK [3][-]{subsubsection.5.1.6}{Orientation Estimation}{subsection.5.1}% 16
\BOOKMARK [2][-]{subsection.5.2}{Position Estimation}{section.5}% 17
\BOOKMARK [2][-]{subsection.5.3}{Tracking of Multiple Robots}{section.5}% 18
\BOOKMARK [1][-]{section.6}{OBSTACLE AVOIDANCE}{}% 19
\BOOKMARK [1][-]{section.7}{SYSTEM CONTROL}{}% 20
\BOOKMARK [2][-]{subsection.7.1}{Pixhawk}{section.7}% 21
\BOOKMARK [2][-]{subsection.7.2}{MAVROS}{section.7}% 22
\BOOKMARK [2][-]{subsection.7.3}{Ground Robot Tapping}{section.7}% 23
\BOOKMARK [1][-]{section.8}{IARC ROBOT DESCRIPTION}{}% 24
\BOOKMARK [2][-]{subsection.8.1}{Configuration}{section.8}% 25
\BOOKMARK [3][-]{subsubsection.8.1.1}{Hex Frame}{subsection.8.1}% 26
\BOOKMARK [3][-]{subsubsection.8.1.2}{Motor mounts and other reinforced parts}{subsection.8.1}% 27
\BOOKMARK [3][-]{subsubsection.8.1.3}{Main stand and Tapping plate}{subsection.8.1}% 28
\BOOKMARK [3][-]{subsubsection.8.1.4}{Gimbal and Cameras}{subsection.8.1}% 29
\BOOKMARK [3][-]{subsubsection.8.1.5}{Emergency Kill Switch}{subsection.8.1}% 30
\BOOKMARK [1][-]{section.9}{HERDING ALGORITHM AI}{}% 31
\BOOKMARK [2][-]{subsection.9.1}{Greedy Method}{section.9}% 32
\BOOKMARK [3][-]{subsubsection.9.1.1}{Searching}{subsection.9.1}% 33
\BOOKMARK [3][-]{subsubsection.9.1.2}{Following}{subsection.9.1}% 34
\BOOKMARK [3][-]{subsubsection.9.1.3}{Directing\(bump or tap\)}{subsection.9.1}% 35
\BOOKMARK [1][-]{section.10}{TESTING}{}% 36
\BOOKMARK [1][-]{section.11}{State Machine}{}% 37
\BOOKMARK [2][-]{subsection.11.1}{States}{section.11}% 38
\BOOKMARK [2][-]{subsection.11.2}{Working}{section.11}% 39
\BOOKMARK [2][-]{subsection.11.3}{Rules}{section.11}% 40
\BOOKMARK [1][-]{section.12}{References}{}% 41
